{"/Users/mannyanebi/code/company/golivwell/golivwell-snr-frontend-assessment/src/components/atoms/button.tsx": {"path":"/Users/mannyanebi/code/company/golivwell/golivwell-snr-frontend-assessment/src/components/atoms/button.tsx","statementMap":{"0":{"start":{"line":1,"column":0},"end":{"line":1,"column":61}},"1":{"start":{"line":3,"column":0},"end":{"line":3,"column":56}},"2":{"start":{"line":5,"column":23},"end":{"line":48,"column":2}},"3":{"start":{"line":72,"column":2},"end":{"line":85,"column":4}},"4":{"start":{"line":88,"column":0},"end":{"line":88,"column":22}}},"fnMap":{"0":{"name":"Button","decl":{"start":{"line":60,"column":9},"end":{"line":60,"column":15}},"loc":{"start":{"line":71,"column":14},"end":{"line":86,"column":1}}}},"branchMap":{},"s":{"0":4,"1":4,"2":4,"3":27,"4":4},"f":{"0":27},"b":{}}
,"/Users/mannyanebi/code/company/golivwell/golivwell-snr-frontend-assessment/src/components/atoms/footer-icon.tsx": {"path":"/Users/mannyanebi/code/company/golivwell/golivwell-snr-frontend-assessment/src/components/atoms/footer-icon.tsx","statementMap":{"0":{"start":{"line":2,"column":2},"end":{"line":6,"column":4}},"1":{"start":{"line":9,"column":0},"end":{"line":9,"column":26}}},"fnMap":{"0":{"name":"FooterIcon","decl":{"start":{"line":1,"column":9},"end":{"line":1,"column":19}},"loc":{"start":{"line":1,"column":46},"end":{"line":7,"column":1}}}},"branchMap":{},"s":{"0":0,"1":0},"f":{"0":0},"b":{}}
,"/Users/mannyanebi/code/company/golivwell/golivwell-snr-frontend-assessment/src/components/atoms/section-footer-icon.tsx": {"path":"/Users/mannyanebi/code/company/golivwell/golivwell-snr-frontend-assessment/src/components/atoms/section-footer-icon.tsx","statementMap":{"0":{"start":{"line":2,"column":2},"end":{"line":6,"column":4}},"1":{"start":{"line":9,"column":0},"end":{"line":9,"column":33}}},"fnMap":{"0":{"name":"SectionFooterIcon","decl":{"start":{"line":1,"column":9},"end":{"line":1,"column":26}},"loc":{"start":{"line":1,"column":53},"end":{"line":7,"column":1}}}},"branchMap":{},"s":{"0":0,"1":0},"f":{"0":0},"b":{}}
,"/Users/mannyanebi/code/company/golivwell/golivwell-snr-frontend-assessment/src/components/atoms/text-input.tsx": {"path":"/Users/mannyanebi/code/company/golivwell/golivwell-snr-frontend-assessment/src/components/atoms/text-input.tsx","statementMap":{"0":{"start":{"line":8,"column":2},"end":{"line":19,"column":4}},"1":{"start":{"line":22,"column":0},"end":{"line":22,"column":25}}},"fnMap":{"0":{"name":"TextInput","decl":{"start":{"line":7,"column":9},"end":{"line":7,"column":18}},"loc":{"start":{"line":7,"column":62},"end":{"line":20,"column":1}}}},"branchMap":{},"s":{"0":0,"1":0},"f":{"0":0},"b":{}}
,"/Users/mannyanebi/code/company/golivwell/golivwell-snr-frontend-assessment/src/components/molecules/customer-review-card.tsx": {"path":"/Users/mannyanebi/code/company/golivwell/golivwell-snr-frontend-assessment/src/components/molecules/customer-review-card.tsx","statementMap":{"0":{"start":{"line":1,"column":0},"end":{"line":1,"column":67}},"1":{"start":{"line":2,"column":0},"end":{"line":2,"column":65}},"2":{"start":{"line":19,"column":2},"end":{"line":41,"column":4}},"3":{"start":{"line":32,"column":12},"end":{"line":33,"column":null}},"4":{"start":{"line":44,"column":0},"end":{"line":44,"column":34}}},"fnMap":{"0":{"name":"CustomerReviewCard","decl":{"start":{"line":12,"column":9},"end":{"line":12,"column":27}},"loc":{"start":{"line":18,"column":26},"end":{"line":42,"column":1}}},"1":{"name":"(anonymous_1)","decl":{"start":{"line":31,"column":29},"end":{"line":31,"column":30}},"loc":{"start":{"line":32,"column":12},"end":{"line":33,"column":null}}}},"branchMap":{"0":{"loc":{"start":{"line":34,"column":19},"end":{"line":34,"column":66}},"type":"cond-expr","locations":[{"start":{"line":34,"column":36},"end":{"line":34,"column":50}},{"start":{"line":34,"column":53},"end":{"line":34,"column":66}}]}},"s":{"0":1,"1":1,"2":15,"3":75,"4":1},"f":{"0":15,"1":75},"b":{"0":[70,5]}}
,"/Users/mannyanebi/code/company/golivwell/golivwell-snr-frontend-assessment/src/components/molecules/features-card.tsx": {"path":"/Users/mannyanebi/code/company/golivwell/golivwell-snr-frontend-assessment/src/components/molecules/features-card.tsx","statementMap":{"0":{"start":{"line":1,"column":0},"end":{"line":1,"column":37}},"1":{"start":{"line":2,"column":0},"end":{"line":2,"column":58}},"2":{"start":{"line":17,"column":2},"end":{"line":28,"column":4}},"3":{"start":{"line":31,"column":0},"end":{"line":31,"column":27}}},"fnMap":{"0":{"name":"FeatureCard","decl":{"start":{"line":11,"column":9},"end":{"line":11,"column":20}},"loc":{"start":{"line":16,"column":19},"end":{"line":29,"column":1}}}},"branchMap":{"0":{"loc":{"start":{"line":14,"column":2},"end":{"line":14,"column":28}},"type":"default-arg","locations":[{"start":{"line":14,"column":16},"end":{"line":14,"column":28}}]}},"s":{"0":1,"1":1,"2":1,"3":1},"f":{"0":1},"b":{"0":[0]}}
,"/Users/mannyanebi/code/company/golivwell/golivwell-snr-frontend-assessment/src/components/molecules/metrics-card.tsx": {"path":"/Users/mannyanebi/code/company/golivwell/golivwell-snr-frontend-assessment/src/components/molecules/metrics-card.tsx","statementMap":{"0":{"start":{"line":7,"column":2},"end":{"line":12,"column":4}},"1":{"start":{"line":15,"column":0},"end":{"line":15,"column":26}}},"fnMap":{"0":{"name":"MetricCard","decl":{"start":{"line":6,"column":9},"end":{"line":6,"column":19}},"loc":{"start":{"line":6,"column":59},"end":{"line":13,"column":1}}}},"branchMap":{},"s":{"0":25,"1":2},"f":{"0":25},"b":{}}
,"/Users/mannyanebi/code/company/golivwell/golivwell-snr-frontend-assessment/src/components/molecules/pricing-card.tsx": {"path":"/Users/mannyanebi/code/company/golivwell/golivwell-snr-frontend-assessment/src/components/molecules/pricing-card.tsx","statementMap":{"0":{"start":{"line":1,"column":0},"end":{"line":1,"column":49}},"1":{"start":{"line":2,"column":0},"end":{"line":2,"column":59}},"2":{"start":{"line":3,"column":0},"end":{"line":3,"column":59}},"3":{"start":{"line":4,"column":0},"end":{"line":4,"column":37}},"4":{"start":{"line":14,"column":2},"end":{"line":24,"column":4}},"5":{"start":{"line":33,"column":2},"end":{"line":66,"column":4}},"6":{"start":{"line":44,"column":14},"end":{"line":44,"column":47}},"7":{"start":{"line":69,"column":0},"end":{"line":69,"column":27}}},"fnMap":{"0":{"name":"PricingCardFeature","decl":{"start":{"line":13,"column":9},"end":{"line":13,"column":27}},"loc":{"start":{"line":13,"column":71},"end":{"line":25,"column":1}}},"1":{"name":"PricingCard","decl":{"start":{"line":27,"column":9},"end":{"line":27,"column":20}},"loc":{"start":{"line":32,"column":19},"end":{"line":67,"column":1}}},"2":{"name":"(anonymous_2)","decl":{"start":{"line":43,"column":26},"end":{"line":43,"column":27}},"loc":{"start":{"line":44,"column":14},"end":{"line":44,"column":47}}}},"branchMap":{},"s":{"0":0,"1":0,"2":0,"3":0,"4":0,"5":0,"6":0,"7":0},"f":{"0":0,"1":0,"2":0},"b":{}}
,"/Users/mannyanebi/code/company/golivwell/golivwell-snr-frontend-assessment/src/components/molecules/section-container.tsx": {"path":"/Users/mannyanebi/code/company/golivwell/golivwell-snr-frontend-assessment/src/components/molecules/section-container.tsx","statementMap":{"0":{"start":{"line":16,"column":2},"end":{"line":16,"column":97}},"1":{"start":{"line":20,"column":2},"end":{"line":20,"column":59}},"2":{"start":{"line":24,"column":2},"end":{"line":28,"column":4}},"3":{"start":{"line":31,"column":0},"end":{"line":31,"column":40}},"4":{"start":{"line":32,"column":0},"end":{"line":32,"column":48}},"5":{"start":{"line":33,"column":0},"end":{"line":33,"column":32}}},"fnMap":{"0":{"name":"SectionHeader","decl":{"start":{"line":15,"column":9},"end":{"line":15,"column":22}},"loc":{"start":{"line":15,"column":55},"end":{"line":17,"column":1}}},"1":{"name":"SectionHeaderDesc","decl":{"start":{"line":19,"column":9},"end":{"line":19,"column":26}},"loc":{"start":{"line":19,"column":63},"end":{"line":21,"column":1}}},"2":{"name":"SectionContainer","decl":{"start":{"line":23,"column":9},"end":{"line":23,"column":25}},"loc":{"start":{"line":23,"column":61},"end":{"line":29,"column":1}}}},"branchMap":{},"s":{"0":11,"1":11,"2":11,"3":2,"4":2,"5":2},"f":{"0":11,"1":11,"2":11},"b":{}}
,"/Users/mannyanebi/code/company/golivwell/golivwell-snr-frontend-assessment/src/components/molecules/team-member-card.tsx": {"path":"/Users/mannyanebi/code/company/golivwell/golivwell-snr-frontend-assessment/src/components/molecules/team-member-card.tsx","statementMap":{"0":{"start":{"line":1,"column":0},"end":{"line":1,"column":57}},"1":{"start":{"line":2,"column":0},"end":{"line":2,"column":61}},"2":{"start":{"line":3,"column":0},"end":{"line":3,"column":53}},"3":{"start":{"line":4,"column":0},"end":{"line":4,"column":61}},"4":{"start":{"line":13,"column":2},"end":{"line":26,"column":4}},"5":{"start":{"line":29,"column":0},"end":{"line":29,"column":26}}},"fnMap":{"0":{"name":"TeamMember","decl":{"start":{"line":12,"column":9},"end":{"line":12,"column":19}},"loc":{"start":{"line":12,"column":58},"end":{"line":27,"column":1}}}},"branchMap":{},"s":{"0":0,"1":0,"2":0,"3":0,"4":0,"5":0},"f":{"0":0},"b":{}}
,"/Users/mannyanebi/code/company/golivwell/golivwell-snr-frontend-assessment/src/components/organisms/clients-section.tsx": {"path":"/Users/mannyanebi/code/company/golivwell/golivwell-snr-frontend-assessment/src/components/organisms/clients-section.tsx","statementMap":{"0":{"start":{"line":1,"column":0},"end":{"line":1,"column":50}},"1":{"start":{"line":2,"column":0},"end":{"line":2,"column":52}},"2":{"start":{"line":3,"column":0},"end":{"line":3,"column":52}},"3":{"start":{"line":4,"column":0},"end":{"line":4,"column":54}},"4":{"start":{"line":5,"column":0},"end":{"line":5,"column":58}},"5":{"start":{"line":6,"column":0},"end":{"line":6,"column":52}},"6":{"start":{"line":8,"column":16},"end":{"line":39,"column":2}},"7":{"start":{"line":42,"column":2},"end":{"line":48,"column":4}},"8":{"start":{"line":45,"column":8},"end":{"line":45,"column":51}},"9":{"start":{"line":51,"column":0},"end":{"line":51,"column":30}}},"fnMap":{"0":{"name":"ClientsSection","decl":{"start":{"line":41,"column":9},"end":{"line":41,"column":23}},"loc":{"start":{"line":41,"column":23},"end":{"line":49,"column":1}}},"1":{"name":"(anonymous_1)","decl":{"start":{"line":44,"column":19},"end":{"line":44,"column":20}},"loc":{"start":{"line":45,"column":8},"end":{"line":45,"column":51}}}},"branchMap":{},"s":{"0":0,"1":0,"2":0,"3":0,"4":0,"5":0,"6":0,"7":0,"8":0,"9":0},"f":{"0":0,"1":0},"b":{}}
,"/Users/mannyanebi/code/company/golivwell/golivwell-snr-frontend-assessment/src/components/organisms/features-section.tsx": {"path":"/Users/mannyanebi/code/company/golivwell/golivwell-snr-frontend-assessment/src/components/organisms/features-section.tsx","statementMap":{"0":{"start":{"line":1,"column":0},"end":{"line":1,"column":75}},"1":{"start":{"line":2,"column":0},"end":{"line":2,"column":62}},"2":{"start":{"line":3,"column":0},"end":{"line":3,"column":61}},"3":{"start":{"line":4,"column":0},"end":{"line":4,"column":57}},"4":{"start":{"line":5,"column":0},"end":{"line":5,"column":55}},"5":{"start":{"line":7,"column":37},"end":{"line":29,"column":2}},"6":{"start":{"line":32,"column":2},"end":{"line":45,"column":4}},"7":{"start":{"line":41,"column":10},"end":{"line":41,"column":39}},"8":{"start":{"line":48,"column":0},"end":{"line":48,"column":31}}},"fnMap":{"0":{"name":"FeaturesSection","decl":{"start":{"line":31,"column":9},"end":{"line":31,"column":24}},"loc":{"start":{"line":31,"column":24},"end":{"line":46,"column":1}}},"1":{"name":"(anonymous_1)","decl":{"start":{"line":40,"column":22},"end":{"line":40,"column":23}},"loc":{"start":{"line":41,"column":10},"end":{"line":41,"column":39}}}},"branchMap":{},"s":{"0":0,"1":0,"2":0,"3":0,"4":0,"5":0,"6":0,"7":0,"8":0},"f":{"0":0,"1":0},"b":{}}
,"/Users/mannyanebi/code/company/golivwell/golivwell-snr-frontend-assessment/src/components/organisms/first-cta-section.tsx": {"path":"/Users/mannyanebi/code/company/golivwell/golivwell-snr-frontend-assessment/src/components/organisms/first-cta-section.tsx","statementMap":{"0":{"start":{"line":1,"column":0},"end":{"line":1,"column":62}},"1":{"start":{"line":2,"column":0},"end":{"line":2,"column":68}},"2":{"start":{"line":3,"column":0},"end":{"line":3,"column":67}},"3":{"start":{"line":4,"column":0},"end":{"line":4,"column":37}},"4":{"start":{"line":7,"column":2},"end":{"line":37,"column":4}},"5":{"start":{"line":40,"column":0},"end":{"line":40,"column":31}}},"fnMap":{"0":{"name":"FirstCTASection","decl":{"start":{"line":6,"column":9},"end":{"line":6,"column":24}},"loc":{"start":{"line":6,"column":24},"end":{"line":38,"column":1}}}},"branchMap":{},"s":{"0":0,"1":0,"2":0,"3":0,"4":0,"5":0},"f":{"0":0},"b":{}}
,"/Users/mannyanebi/code/company/golivwell/golivwell-snr-frontend-assessment/src/components/organisms/footer.tsx": {"path":"/Users/mannyanebi/code/company/golivwell/golivwell-snr-frontend-assessment/src/components/organisms/footer.tsx","statementMap":{"0":{"start":{"line":1,"column":0},"end":{"line":1,"column":51}},"1":{"start":{"line":2,"column":0},"end":{"line":2,"column":67}},"2":{"start":{"line":3,"column":0},"end":{"line":3,"column":53}},"3":{"start":{"line":4,"column":0},"end":{"line":4,"column":55}},"4":{"start":{"line":5,"column":0},"end":{"line":5,"column":46}},"5":{"start":{"line":8,"column":2},"end":{"line":18,"column":4}},"6":{"start":{"line":21,"column":0},"end":{"line":21,"column":22}}},"fnMap":{"0":{"name":"Footer","decl":{"start":{"line":7,"column":9},"end":{"line":7,"column":15}},"loc":{"start":{"line":7,"column":15},"end":{"line":19,"column":1}}}},"branchMap":{},"s":{"0":0,"1":0,"2":0,"3":0,"4":0,"5":0,"6":0},"f":{"0":0},"b":{}}
,"/Users/mannyanebi/code/company/golivwell/golivwell-snr-frontend-assessment/src/components/organisms/get-in-touch-section.tsx": {"path":"/Users/mannyanebi/code/company/golivwell/golivwell-snr-frontend-assessment/src/components/organisms/get-in-touch-section.tsx","statementMap":{"0":{"start":{"line":1,"column":0},"end":{"line":1,"column":57}},"1":{"start":{"line":2,"column":0},"end":{"line":2,"column":47}},"2":{"start":{"line":3,"column":0},"end":{"line":3,"column":67}},"3":{"start":{"line":4,"column":0},"end":{"line":4,"column":64}},"4":{"start":{"line":5,"column":0},"end":{"line":5,"column":37}},"5":{"start":{"line":6,"column":0},"end":{"line":6,"column":57}},"6":{"start":{"line":7,"column":0},"end":{"line":7,"column":61}},"7":{"start":{"line":8,"column":0},"end":{"line":8,"column":53}},"8":{"start":{"line":9,"column":0},"end":{"line":9,"column":53}},"9":{"start":{"line":10,"column":0},"end":{"line":10,"column":61}},"10":{"start":{"line":12,"column":37},"end":{"line":23,"column":2}},"11":{"start":{"line":26,"column":2},"end":{"line":68,"column":4}},"12":{"start":{"line":59,"column":14},"end":{"line":59,"column":41}},"13":{"start":{"line":71,"column":0},"end":{"line":71,"column":33}}},"fnMap":{"0":{"name":"GetInTouchSection","decl":{"start":{"line":25,"column":9},"end":{"line":25,"column":26}},"loc":{"start":{"line":25,"column":26},"end":{"line":69,"column":1}}},"1":{"name":"(anonymous_1)","decl":{"start":{"line":58,"column":28},"end":{"line":58,"column":29}},"loc":{"start":{"line":59,"column":14},"end":{"line":59,"column":41}}}},"branchMap":{},"s":{"0":0,"1":0,"2":0,"3":0,"4":0,"5":0,"6":0,"7":0,"8":0,"9":0,"10":0,"11":0,"12":0,"13":0},"f":{"0":0,"1":0},"b":{}}
,"/Users/mannyanebi/code/company/golivwell/golivwell-snr-frontend-assessment/src/components/organisms/header.tsx": {"path":"/Users/mannyanebi/code/company/golivwell/golivwell-snr-frontend-assessment/src/components/organisms/header.tsx","statementMap":{"0":{"start":{"line":1,"column":0},"end":{"line":1,"column":47}},"1":{"start":{"line":2,"column":0},"end":{"line":2,"column":63}},"2":{"start":{"line":3,"column":0},"end":{"line":3,"column":37}},"3":{"start":{"line":6,"column":2},"end":{"line":44,"column":4}},"4":{"start":{"line":47,"column":0},"end":{"line":47,"column":22}}},"fnMap":{"0":{"name":"Header","decl":{"start":{"line":5,"column":9},"end":{"line":5,"column":15}},"loc":{"start":{"line":5,"column":15},"end":{"line":45,"column":1}}}},"branchMap":{},"s":{"0":1,"1":1,"2":1,"3":5,"4":1},"f":{"0":5},"b":{}}
,"/Users/mannyanebi/code/company/golivwell/golivwell-snr-frontend-assessment/src/components/organisms/hero.tsx": {"path":"/Users/mannyanebi/code/company/golivwell/golivwell-snr-frontend-assessment/src/components/organisms/hero.tsx","statementMap":{"0":{"start":{"line":1,"column":0},"end":{"line":1,"column":37}},"1":{"start":{"line":2,"column":0},"end":{"line":2,"column":63}},"2":{"start":{"line":3,"column":0},"end":{"line":3,"column":59}},"3":{"start":{"line":6,"column":2},"end":{"line":34,"column":4}},"4":{"start":{"line":37,"column":0},"end":{"line":37,"column":20}}},"fnMap":{"0":{"name":"Hero","decl":{"start":{"line":5,"column":9},"end":{"line":5,"column":13}},"loc":{"start":{"line":5,"column":13},"end":{"line":35,"column":1}}}},"branchMap":{},"s":{"0":1,"1":1,"2":1,"3":4,"4":1},"f":{"0":4},"b":{}}
,"/Users/mannyanebi/code/company/golivwell/golivwell-snr-frontend-assessment/src/components/organisms/last-cta-section.tsx": {"path":"/Users/mannyanebi/code/company/golivwell/golivwell-snr-frontend-assessment/src/components/organisms/last-cta-section.tsx","statementMap":{"0":{"start":{"line":1,"column":0},"end":{"line":1,"column":62}},"1":{"start":{"line":2,"column":0},"end":{"line":2,"column":62}},"2":{"start":{"line":3,"column":0},"end":{"line":3,"column":62}},"3":{"start":{"line":4,"column":0},"end":{"line":4,"column":67}},"4":{"start":{"line":5,"column":0},"end":{"line":5,"column":37}},"5":{"start":{"line":8,"column":2},"end":{"line":40,"column":4}},"6":{"start":{"line":43,"column":0},"end":{"line":43,"column":30}}},"fnMap":{"0":{"name":"LastCTASection","decl":{"start":{"line":7,"column":9},"end":{"line":7,"column":23}},"loc":{"start":{"line":7,"column":23},"end":{"line":41,"column":1}}}},"branchMap":{},"s":{"0":0,"1":0,"2":0,"3":0,"4":0,"5":0,"6":0},"f":{"0":0},"b":{}}
,"/Users/mannyanebi/code/company/golivwell/golivwell-snr-frontend-assessment/src/components/organisms/metrics-section.tsx": {"path":"/Users/mannyanebi/code/company/golivwell/golivwell-snr-frontend-assessment/src/components/organisms/metrics-section.tsx","statementMap":{"0":{"start":{"line":1,"column":0},"end":{"line":1,"column":72}},"1":{"start":{"line":2,"column":0},"end":{"line":2,"column":62}},"2":{"start":{"line":4,"column":35},"end":{"line":21,"column":2}},"3":{"start":{"line":24,"column":2},"end":{"line":39,"column":4}},"4":{"start":{"line":35,"column":10},"end":{"line":35,"column":59}},"5":{"start":{"line":42,"column":0},"end":{"line":42,"column":30}}},"fnMap":{"0":{"name":"MetricsSection","decl":{"start":{"line":23,"column":9},"end":{"line":23,"column":23}},"loc":{"start":{"line":23,"column":23},"end":{"line":40,"column":1}}},"1":{"name":"(anonymous_1)","decl":{"start":{"line":34,"column":21},"end":{"line":34,"column":22}},"loc":{"start":{"line":35,"column":10},"end":{"line":35,"column":59}}}},"branchMap":{},"s":{"0":1,"1":1,"2":1,"3":6,"4":24,"5":1},"f":{"0":6,"1":24},"b":{}}
,"/Users/mannyanebi/code/company/golivwell/golivwell-snr-frontend-assessment/src/components/organisms/pricing-section.tsx": {"path":"/Users/mannyanebi/code/company/golivwell/golivwell-snr-frontend-assessment/src/components/organisms/pricing-section.tsx","statementMap":{"0":{"start":{"line":1,"column":0},"end":{"line":1,"column":74}},"1":{"start":{"line":2,"column":0},"end":{"line":2,"column":62}},"2":{"start":{"line":4,"column":37},"end":{"line":23,"column":2}},"3":{"start":{"line":26,"column":2},"end":{"line":39,"column":4}},"4":{"start":{"line":35,"column":10},"end":{"line":35,"column":61}},"5":{"start":{"line":42,"column":0},"end":{"line":42,"column":30}}},"fnMap":{"0":{"name":"PricingSection","decl":{"start":{"line":25,"column":9},"end":{"line":25,"column":23}},"loc":{"start":{"line":25,"column":23},"end":{"line":40,"column":1}}},"1":{"name":"(anonymous_1)","decl":{"start":{"line":34,"column":22},"end":{"line":34,"column":23}},"loc":{"start":{"line":35,"column":10},"end":{"line":35,"column":61}}}},"branchMap":{},"s":{"0":0,"1":0,"2":0,"3":0,"4":0,"5":0},"f":{"0":0,"1":0},"b":{}}
,"/Users/mannyanebi/code/company/golivwell/golivwell-snr-frontend-assessment/src/components/organisms/satisfied-customers-section.tsx": {"path":"/Users/mannyanebi/code/company/golivwell/golivwell-snr-frontend-assessment/src/components/organisms/satisfied-customers-section.tsx","statementMap":{"0":{"start":{"line":1,"column":0},"end":{"line":1,"column":62}},"1":{"start":{"line":2,"column":0},"end":{"line":2,"column":null}},"2":{"start":{"line":5,"column":0},"end":{"line":5,"column":67}},"3":{"start":{"line":6,"column":0},"end":{"line":6,"column":71}},"4":{"start":{"line":7,"column":0},"end":{"line":7,"column":69}},"5":{"start":{"line":9,"column":43},"end":{"line":31,"column":2}},"6":{"start":{"line":34,"column":2},"end":{"line":48,"column":4}},"7":{"start":{"line":44,"column":10},"end":{"line":44,"column":66}},"8":{"start":{"line":51,"column":0},"end":{"line":51,"column":41}}},"fnMap":{"0":{"name":"SatisfiedCustomersSection","decl":{"start":{"line":33,"column":9},"end":{"line":33,"column":34}},"loc":{"start":{"line":33,"column":34},"end":{"line":49,"column":1}}},"1":{"name":"(anonymous_1)","decl":{"start":{"line":43,"column":21},"end":{"line":43,"column":22}},"loc":{"start":{"line":44,"column":10},"end":{"line":44,"column":66}}}},"branchMap":{},"s":{"0":1,"1":1,"2":1,"3":1,"4":1,"5":1,"6":5,"7":15,"8":1},"f":{"0":5,"1":15},"b":{}}
,"/Users/mannyanebi/code/company/golivwell/golivwell-snr-frontend-assessment/src/components/organisms/team-section.tsx": {"path":"/Users/mannyanebi/code/company/golivwell/golivwell-snr-frontend-assessment/src/components/organisms/team-section.tsx","statementMap":{"0":{"start":{"line":1,"column":0},"end":{"line":1,"column":62}},"1":{"start":{"line":2,"column":0},"end":{"line":2,"column":68}},"2":{"start":{"line":3,"column":0},"end":{"line":3,"column":72}},"3":{"start":{"line":4,"column":0},"end":{"line":4,"column":70}},"4":{"start":{"line":5,"column":0},"end":{"line":5,"column":76}},"5":{"start":{"line":7,"column":39},"end":{"line":23,"column":2}},"6":{"start":{"line":26,"column":2},"end":{"line":39,"column":4}},"7":{"start":{"line":35,"column":10},"end":{"line":35,"column":62}},"8":{"start":{"line":42,"column":0},"end":{"line":42,"column":27}}},"fnMap":{"0":{"name":"TeamSection","decl":{"start":{"line":25,"column":9},"end":{"line":25,"column":20}},"loc":{"start":{"line":25,"column":20},"end":{"line":40,"column":1}}},"1":{"name":"(anonymous_1)","decl":{"start":{"line":34,"column":25},"end":{"line":34,"column":26}},"loc":{"start":{"line":35,"column":10},"end":{"line":35,"column":62}}}},"branchMap":{},"s":{"0":0,"1":0,"2":0,"3":0,"4":0,"5":0,"6":0,"7":0,"8":0},"f":{"0":0,"1":0},"b":{}}
}
