TN:
SF:src/components/atoms/button.tsx
FN:60,Button
FNF:1
FNH:1
FNDA:27,Button
DA:1,4
DA:3,4
DA:5,4
DA:72,27
DA:88,4
LF:5
LH:5
BRF:0
BRH:0
end_of_record
TN:
SF:src/components/atoms/footer-icon.tsx
FN:1,FooterIcon
FNF:1
FNH:0
FNDA:0,FooterIcon
DA:2,0
DA:9,0
LF:2
LH:0
BRF:0
BRH:0
end_of_record
TN:
SF:src/components/atoms/section-footer-icon.tsx
FN:1,SectionFooterIcon
FNF:1
FNH:0
FNDA:0,SectionFooterIcon
DA:2,0
DA:9,0
LF:2
LH:0
BRF:0
BRH:0
end_of_record
TN:
SF:src/components/atoms/text-input.tsx
FN:7,TextInput
FNF:1
FNH:0
FNDA:0,TextInput
DA:8,0
DA:22,0
LF:2
LH:0
BRF:0
BRH:0
end_of_record
TN:
SF:src/components/molecules/customer-review-card.tsx
FN:12,CustomerReviewCard
FN:31,(anonymous_1)
FNF:2
FNH:2
FNDA:15,CustomerReviewCard
FNDA:75,(anonymous_1)
DA:1,1
DA:2,1
DA:19,15
DA:32,75
DA:44,1
LF:5
LH:5
BRDA:34,0,0,70
BRDA:34,0,1,5
BRF:2
BRH:2
end_of_record
TN:
SF:src/components/molecules/features-card.tsx
FN:11,FeatureCard
FNF:1
FNH:1
FNDA:1,FeatureCard
DA:1,1
DA:2,1
DA:17,1
DA:31,1
LF:4
LH:4
BRDA:14,0,0,0
BRF:1
BRH:0
end_of_record
TN:
SF:src/components/molecules/metrics-card.tsx
FN:6,MetricCard
FNF:1
FNH:1
FNDA:25,MetricCard
DA:7,25
DA:15,2
LF:2
LH:2
BRF:0
BRH:0
end_of_record
TN:
SF:src/components/molecules/pricing-card.tsx
FN:13,PricingCardFeature
FN:27,PricingCard
FN:43,(anonymous_2)
FNF:3
FNH:0
FNDA:0,PricingCardFeature
FNDA:0,PricingCard
FNDA:0,(anonymous_2)
DA:1,0
DA:2,0
DA:3,0
DA:4,0
DA:14,0
DA:33,0
DA:44,0
DA:69,0
LF:8
LH:0
BRF:0
BRH:0
end_of_record
TN:
SF:src/components/molecules/section-container.tsx
FN:15,SectionHeader
FN:19,SectionHeaderDesc
FN:23,SectionContainer
FNF:3
FNH:3
FNDA:11,SectionHeader
FNDA:11,SectionHeaderDesc
FNDA:11,SectionContainer
DA:16,11
DA:20,11
DA:24,11
DA:31,2
DA:32,2
DA:33,2
LF:6
LH:6
BRF:0
BRH:0
end_of_record
TN:
SF:src/components/molecules/team-member-card.tsx
FN:12,TeamMember
FNF:1
FNH:0
FNDA:0,TeamMember
DA:1,0
DA:2,0
DA:3,0
DA:4,0
DA:13,0
DA:29,0
LF:6
LH:0
BRF:0
BRH:0
end_of_record
TN:
SF:src/components/organisms/clients-section.tsx
FN:41,ClientsSection
FN:44,(anonymous_1)
FNF:2
FNH:0
FNDA:0,ClientsSection
FNDA:0,(anonymous_1)
DA:1,0
DA:2,0
DA:3,0
DA:4,0
DA:5,0
DA:6,0
DA:8,0
DA:42,0
DA:45,0
DA:51,0
LF:10
LH:0
BRF:0
BRH:0
end_of_record
TN:
SF:src/components/organisms/features-section.tsx
FN:31,FeaturesSection
FN:40,(anonymous_1)
FNF:2
FNH:0
FNDA:0,FeaturesSection
FNDA:0,(anonymous_1)
DA:1,0
DA:2,0
DA:3,0
DA:4,0
DA:5,0
DA:7,0
DA:32,0
DA:41,0
DA:48,0
LF:9
LH:0
BRF:0
BRH:0
end_of_record
TN:
SF:src/components/organisms/first-cta-section.tsx
FN:6,FirstCTASection
FNF:1
FNH:0
FNDA:0,FirstCTASection
DA:1,0
DA:2,0
DA:3,0
DA:4,0
DA:7,0
DA:40,0
LF:6
LH:0
BRF:0
BRH:0
end_of_record
TN:
SF:src/components/organisms/footer.tsx
FN:7,Footer
FNF:1
FNH:0
FNDA:0,Footer
DA:1,0
DA:2,0
DA:3,0
DA:4,0
DA:5,0
DA:8,0
DA:21,0
LF:7
LH:0
BRF:0
BRH:0
end_of_record
TN:
SF:src/components/organisms/get-in-touch-section.tsx
FN:25,GetInTouchSection
FN:58,(anonymous_1)
FNF:2
FNH:0
FNDA:0,GetInTouchSection
FNDA:0,(anonymous_1)
DA:1,0
DA:2,0
DA:3,0
DA:4,0
DA:5,0
DA:6,0
DA:7,0
DA:8,0
DA:9,0
DA:10,0
DA:12,0
DA:26,0
DA:59,0
DA:71,0
LF:14
LH:0
BRF:0
BRH:0
end_of_record
TN:
SF:src/components/organisms/header.tsx
FN:5,Header
FNF:1
FNH:1
FNDA:5,Header
DA:1,1
DA:2,1
DA:3,1
DA:6,5
DA:47,1
LF:5
LH:5
BRF:0
BRH:0
end_of_record
TN:
SF:src/components/organisms/hero.tsx
FN:5,Hero
FNF:1
FNH:1
FNDA:4,Hero
DA:1,1
DA:2,1
DA:3,1
DA:6,4
DA:37,1
LF:5
LH:5
BRF:0
BRH:0
end_of_record
TN:
SF:src/components/organisms/last-cta-section.tsx
FN:7,LastCTASection
FNF:1
FNH:0
FNDA:0,LastCTASection
DA:1,0
DA:2,0
DA:3,0
DA:4,0
DA:5,0
DA:8,0
DA:43,0
LF:7
LH:0
BRF:0
BRH:0
end_of_record
TN:
SF:src/components/organisms/metrics-section.tsx
FN:23,MetricsSection
FN:34,(anonymous_1)
FNF:2
FNH:2
FNDA:6,MetricsSection
FNDA:24,(anonymous_1)
DA:1,1
DA:2,1
DA:4,1
DA:24,6
DA:35,24
DA:42,1
LF:6
LH:6
BRF:0
BRH:0
end_of_record
TN:
SF:src/components/organisms/pricing-section.tsx
FN:25,PricingSection
FN:34,(anonymous_1)
FNF:2
FNH:0
FNDA:0,PricingSection
FNDA:0,(anonymous_1)
DA:1,0
DA:2,0
DA:4,0
DA:26,0
DA:35,0
DA:42,0
LF:6
LH:0
BRF:0
BRH:0
end_of_record
TN:
SF:src/components/organisms/satisfied-customers-section.tsx
FN:33,SatisfiedCustomersSection
FN:43,(anonymous_1)
FNF:2
FNH:2
FNDA:5,SatisfiedCustomersSection
FNDA:15,(anonymous_1)
DA:1,1
DA:2,1
DA:5,1
DA:6,1
DA:7,1
DA:9,1
DA:34,5
DA:44,15
DA:51,1
LF:9
LH:9
BRF:0
BRH:0
end_of_record
TN:
SF:src/components/organisms/team-section.tsx
FN:25,TeamSection
FN:34,(anonymous_1)
FNF:2
FNH:0
FNDA:0,TeamSection
FNDA:0,(anonymous_1)
DA:1,0
DA:2,0
DA:3,0
DA:4,0
DA:5,0
DA:7,0
DA:26,0
DA:35,0
DA:42,0
LF:9
LH:0
BRF:0
BRH:0
end_of_record
